[0m18:51:49.429794 [debug] [MainThread]: Sending event: {'category': 'dbt', 'action': 'invocation', 'label': 'start', 'context': [<snowplow_tracker.self_describing_json.SelfDescribingJson object at 0x10432c080>, <snowplow_tracker.self_describing_json.SelfDescribingJson object at 0x104df6f60>, <snowplow_tracker.self_describing_json.SelfDescribingJson object at 0x104df6c30>]}


============================== 18:51:49.432802 | 2f324c4d-44a9-4e94-8931-98c68b4980f4 ==============================
[0m18:51:49.432802 [info ] [MainThread]: Running with dbt=1.9.1
[0m18:51:49.433154 [debug] [MainThread]: running dbt with arguments {'printer_width': '80', 'indirect_selection': 'eager', 'write_json': 'True', 'log_cache_events': 'False', 'partial_parse': 'True', 'cache_selected_only': 'False', 'profiles_dir': '/Users/saimithilesh/.dbt', 'debug': 'False', 'version_check': 'True', 'log_path': 'logs', 'warn_error': 'None', 'fail_fast': 'False', 'use_colors': 'True', 'use_experimental_parser': 'False', 'no_print': 'None', 'quiet': 'False', 'empty': 'None', 'warn_error_options': 'WarnErrorOptions(include=[], exclude=[])', 'invocation_command': 'dbt init jaffle_shop', 'introspect': 'True', 'log_format': 'default', 'target_path': 'None', 'static_parser': 'True', 'send_anonymous_usage_stats': 'True'}
[0m18:51:49.440832 [warn ] [MainThread]: [ConfigFolderDirectory]: Unable to parse logging event dictionary. Failed to parse dir field: expected string or bytes-like object, got 'PosixPath'.. Dictionary: {'dir': PosixPath('/Users/saimithilesh/.dbt')}
[0m18:51:49.441057 [info ] [MainThread]: Creating dbt configuration folder at 
[0m18:51:49.441890 [debug] [MainThread]: Starter project path: /Users/saimithilesh/.pyenv/versions/dbt-env/lib/python3.12/site-packages/dbt/include/starter_project
[0m18:51:49.445028 [info ] [MainThread]: 
Your new dbt project "jaffle_shop" was created!

For more information on how to configure the profiles.yml file,
please consult the dbt documentation here:

  https://docs.getdbt.com/docs/configure-your-profile

One more thing:

Need help? Don't hesitate to reach out to us via GitHub issues or on Slack:

  https://community.getdbt.com/

Happy modeling!

[0m18:51:49.445231 [info ] [MainThread]: Setting up your profile.
[0m19:17:09.294002 [info ] [MainThread]: Profile jaffle_shop written to /Users/saimithilesh/.dbt/profiles.yml using target's profile_template.yml and your supplied values. Run 'dbt debug' to validate the connection.
[0m19:17:09.751767 [debug] [MainThread]: Resource report: {"command_name": "init", "command_success": true, "command_wall_clock_time": 1520.4204, "process_in_blocks": "0", "process_kernel_time": 0.265616, "process_mem_max_rss": "172294144", "process_out_blocks": "0", "process_user_time": 0.997372}
[0m19:17:09.753305 [debug] [MainThread]: Command `dbt init` succeeded at 19:17:09.753057 after 1520.42 seconds
[0m19:17:09.755003 [debug] [MainThread]: Sending event: {'category': 'dbt', 'action': 'invocation', 'label': 'end', 'context': [<snowplow_tracker.self_describing_json.SelfDescribingJson object at 0x104cccf50>, <snowplow_tracker.self_describing_json.SelfDescribingJson object at 0x10aa860c0>, <snowplow_tracker.self_describing_json.SelfDescribingJson object at 0x10aa28920>]}
[0m19:17:09.756669 [debug] [MainThread]: Flushing usage events
[0m19:17:11.433897 [debug] [MainThread]: An error was encountered while trying to flush usage events
